ipay Ui/build/intermediates/manifest_merge_blame_file/debug/manifest-merger-blame-debug-report.txt
1<?xml version="1.0" encoding="utf-8"?>
2<manifest xmlns:android="http://schemas.android.com/apk/res/android"
3    package="com.ipay.iPaycheckout"
4    android:versionCode="1"
5    android:versionName="1.0" >
6
7    <uses-sdk
8        android:minSdkVersion="17"
8-->src/main/AndroidManifest.xml
9        android:targetSdkVersion="28" />
9-->src/main/AndroidManifest.xml
10
11    <application>
11-->src/main/AndroidManifest.xml:5:5-10:19
12        <activity
12-->src/main/AndroidManifest.xml:6:9-9:68
13            android:name="com.ipay.iPaycheckout.PaymentActivity"
13-->src/main/AndroidManifest.xml:7:13-65
14            android:label="@string/title_activity_main"
14-->src/main/AndroidManifest.xml:8:13-56
15            android:theme="@style/AppTheme.NoActionBar" />
15-->src/main/AndroidManifest.xml:9:13-56
16    </application>
17
18</manifest>